2024-12-05 23:54:30.343 | INFO     | __main__:main:14 - Starting Mini Dollar Strategy
2024-12-05 23:54:30.344 | INFO     | src.data.loaders.market_data:__init__:9 - Using database: src/data/database/candles.db, table: candles
2024-12-05 23:54:30.344 | INFO     | src.analysis.technical.enhanced_strategy_v2:__init__:42 - Initialized EnhancedTechnicalStrategyV2
2024-12-05 23:54:30.345 | INFO     | src.agents.coordinator:__init__:41 - Initialized StrategyCoordinator with parameters:
2024-12-05 23:54:30.345 | INFO     | __main__:main:31 - Running backtest from 2024-11-15 23:54:30.345432 to 2024-12-05 23:54:30.345432
2024-12-05 23:54:30.345 | INFO     | src.data.loaders.market_data:get_minute_data:13 - Attempting to load data from src/data/database/candles.db, table: candles
2024-12-05 23:54:30.374 | INFO     | src.data.loaders.market_data:get_minute_data:31 - Data loaded: 5760 records
2024-12-05 23:54:30.382 | INFO     | src.data.loaders.market_data:get_minute_data:48 - Data resampled to 1-minute intervals: 5760 records
2024-12-05 23:54:30.383 | INFO     | src.data.loaders.market_data:get_minute_data:53 - 'time' column reset to ensure its presence: ['time', 'open', 'high', 'low', 'close', 'volume']
2024-12-05 23:54:30.383 | INFO     | src.agents.coordinator:backtest:148 - Loaded 5760 candles for backtest
2024-12-05 23:54:30.538 | INFO     | src.analysis.technical.enhanced_strategy_v2:load_model:189 - Model loaded from model.pkl
2024-12-05 23:54:30.665 | INFO     | src.agents.coordinator:backtest:151 - Processed market data with technical indicators and ML signals
2024-12-05 23:54:30.799 | INFO     | src.agents.market:execute_trades:88 - Opened short position: size 0.36286679730434274, entry price 9820.332930820552
2024-12-05 23:54:30.801 | INFO     | src.agents.market:execute_trades:49 - Trade closed: short at 9822.208707047008 with profit 31.32
2024-12-05 23:54:31.160 | INFO     | src.agents.market:execute_trades:71 - Opened long position: size 0.29534726104023473, entry price 9856.510963996523
2024-12-05 23:54:31.162 | INFO     | src.agents.market:check_exit_conditions:131 - Atualizando stop_loss para posição longa em 475: 9856.510963996523
2024-12-05 23:54:31.163 | INFO     | src.agents.market:check_exit_conditions:131 - Atualizando stop_loss para posição longa em 476: 9856.510963996523
2024-12-05 23:54:31.165 | INFO     | src.agents.market:check_exit_conditions:131 - Atualizando stop_loss para posição longa em 477: 9856.510963996523
2024-12-05 23:54:31.166 | INFO     | src.agents.market:check_exit_conditions:131 - Atualizando stop_loss para posição longa em 478: 9856.510963996523
2024-12-05 23:54:31.167 | INFO     | src.agents.market:check_exit_conditions:131 - Atualizando stop_loss para posição longa em 479: 9856.510963996523
2024-12-05 23:54:31.169 | INFO     | src.agents.market:check_exit_conditions:131 - Atualizando stop_loss para posição longa em 480: 9856.510963996523
2024-12-05 23:54:31.171 | INFO     | src.agents.market:check_exit_conditions:131 - Atualizando stop_loss para posição longa em 481: 9856.510963996523
2024-12-05 23:54:31.173 | INFO     | src.agents.market:check_exit_conditions:131 - Atualizando stop_loss para posição longa em 482: 9856.510963996523
2024-12-05 23:54:31.175 | INFO     | src.agents.market:check_exit_conditions:131 - Atualizando stop_loss para posição longa em 483: 9856.510963996523
2024-12-05 23:54:31.179 | INFO     | src.agents.market:check_exit_conditions:131 - Atualizando stop_loss para posição longa em 484: 9856.510963996523
2024-12-05 23:54:31.181 | INFO     | src.agents.market:check_exit_conditions:131 - Atualizando stop_loss para posição longa em 485: 9856.510963996523
2024-12-05 23:54:31.183 | INFO     | src.agents.market:check_exit_conditions:131 - Atualizando stop_loss para posição longa em 486: 9856.510963996523
2024-12-05 23:54:31.185 | INFO     | src.agents.market:check_exit_conditions:131 - Atualizando stop_loss para posição longa em 487: 9856.510963996523
2024-12-05 23:54:31.187 | INFO     | src.agents.market:check_exit_conditions:131 - Atualizando stop_loss para posição longa em 488: 9856.510963996523
2024-12-05 23:54:31.189 | INFO     | src.agents.market:check_exit_conditions:131 - Atualizando stop_loss para posição longa em 489: 9856.510963996523
2024-12-05 23:54:31.190 | INFO     | src.agents.market:check_exit_conditions:131 - Atualizando stop_loss para posição longa em 490: 9856.510963996523
2024-12-05 23:54:31.192 | INFO     | src.agents.market:check_exit_conditions:131 - Atualizando stop_loss para posição longa em 491: 9856.510963996523
2024-12-05 23:54:31.193 | INFO     | src.agents.market:check_exit_conditions:131 - Atualizando stop_loss para posição longa em 492: 9856.510963996523
2024-12-05 23:54:31.194 | INFO     | src.agents.market:execute_trades:49 - Trade closed: long at 9859.074834348963 with profit -33.36
2024-12-05 23:54:31.365 | INFO     | src.agents.market:execute_trades:71 - Opened long position: size 0.16541316021863395, entry price 9878.705997628203
2024-12-05 23:54:31.367 | INFO     | src.agents.market:check_exit_conditions:131 - Atualizando stop_loss para posição longa em 690: 9878.705997628203
2024-12-05 23:54:31.368 | INFO     | src.agents.market:check_exit_conditions:131 - Atualizando stop_loss para posição longa em 691: 9878.705997628203
2024-12-05 23:54:31.370 | INFO     | src.agents.market:execute_trades:49 - Trade closed: long at 9878.705997628203 with profit -21.34
2024-12-05 23:54:31.417 | INFO     | src.agents.market:execute_trades:88 - Opened short position: size 0.37479025556074125, entry price 9882.199347815718
2024-12-05 23:54:31.421 | INFO     | src.agents.market:execute_trades:49 - Trade closed: short at 9884.030813832673 with profit 32.73
2024-12-05 23:54:31.620 | INFO     | src.agents.market:execute_trades:88 - Opened short position: size 0.3726532779594771, entry price 9905.689003551957
2024-12-05 23:54:31.624 | INFO     | src.agents.market:execute_trades:49 - Trade closed: short at 9907.52171605539 with profit 32.60
2024-12-05 23:54:31.627 | INFO     | src.agents.market:execute_trades:88 - Opened short position: size 0.3540032952967909, entry price 9906.915738882299
2024-12-05 23:54:31.638 | INFO     | src.agents.market:execute_trades:49 - Trade closed: short at 9908.532316853425 with profit 30.65
2024-12-05 23:54:31.639 | INFO     | src.agents.market:execute_trades:88 - Opened short position: size 0.3785183855131995, entry price 9906.80761497958
2024-12-05 23:54:31.641 | INFO     | src.agents.market:execute_trades:49 - Trade closed: short at 9908.781811386607 with profit 33.25
2024-12-05 23:54:31.642 | INFO     | src.agents.market:execute_trades:71 - Opened long position: size 0.2548907392345545, entry price 9908.488273260173
2024-12-05 23:54:31.643 | INFO     | src.agents.market:check_exit_conditions:131 - Atualizando stop_loss para posição longa em 990: 9908.488273260173
2024-12-05 23:54:31.645 | INFO     | src.agents.market:check_exit_conditions:131 - Atualizando stop_loss para posição longa em 991: 9908.488273260173
2024-12-05 23:54:31.646 | INFO     | src.agents.market:execute_trades:49 - Trade closed: long at 9908.488273260173 with profit -30.26
2024-12-05 23:54:31.923 | INFO     | src.agents.market:execute_trades:71 - Opened long position: size 0.27618711128405277, entry price 9935.840170917361
2024-12-05 23:54:31.925 | INFO     | src.agents.market:check_exit_conditions:131 - Atualizando stop_loss para posição longa em 1266: 9935.840170917361
2024-12-05 23:54:31.926 | INFO     | src.agents.market:check_exit_conditions:131 - Atualizando stop_loss para posição longa em 1267: 9935.840170917361
2024-12-05 23:54:31.927 | INFO     | src.agents.market:execute_trades:49 - Trade closed: long at 9935.840170917361 with profit -32.44
2024-12-05 23:54:31.992 | INFO     | src.agents.market:execute_trades:88 - Opened short position: size 0.3707370417399542, entry price 9941.409903083437
2024-12-05 23:54:31.996 | INFO     | src.agents.market:execute_trades:49 - Trade closed: short at 9943.165388444693 with profit 32.51
2024-12-05 23:54:31.997 | INFO     | src.agents.market:execute_trades:88 - Opened short position: size 0.3592881183789156, entry price 9941.960659037073
2024-12-05 23:54:32.000 | INFO     | src.agents.market:check_exit_conditions:143 - Atualizando stop_loss para posição curta em 1329: 9941.960659037073
2024-12-05 23:54:32.002 | INFO     | src.agents.market:execute_trades:49 - Trade closed: short at 9941.960659037073 with profit 30.72
2024-12-05 23:54:32.461 | INFO     | src.agents.market:execute_trades:88 - Opened short position: size 0.3687748143161178, entry price 9992.850654792011
2024-12-05 23:54:32.469 | INFO     | src.agents.market:execute_trades:49 - Trade closed: short at 9994.76065884468 with profit 32.56
2024-12-05 23:54:32.473 | INFO     | src.agents.market:execute_trades:88 - Opened short position: size 0.36968345059709873, entry price 9993.43702321674
2024-12-05 23:54:32.476 | INFO     | src.agents.market:execute_trades:49 - Trade closed: short at 9995.03567863769 with profit 32.54
2024-12-05 23:54:32.477 | INFO     | src.agents.market:execute_trades:88 - Opened short position: size 0.36431300187492444, entry price 9994.194897576486
2024-12-05 23:54:32.481 | INFO     | src.agents.market:execute_trades:49 - Trade closed: short at 9995.914424421344 with profit 32.04
2024-12-05 23:54:32.723 | INFO     | src.agents.market:execute_trades:71 - Opened long position: size 0.26899412125011735, entry price 10021.955383905097
2024-12-05 23:54:32.725 | INFO     | src.agents.market:check_exit_conditions:131 - Atualizando stop_loss para posição longa em 2127: 10021.955383905097
2024-12-05 23:54:32.726 | INFO     | src.agents.market:check_exit_conditions:131 - Atualizando stop_loss para posição longa em 2128: 10021.955383905097
2024-12-05 23:54:32.727 | INFO     | src.agents.market:execute_trades:49 - Trade closed: long at 10021.955383905097 with profit -31.96
2024-12-05 23:54:32.739 | INFO     | src.agents.market:execute_trades:88 - Opened short position: size 0.36067170637694695, entry price 10022.877660388362
2024-12-05 23:54:32.740 | INFO     | src.agents.market:check_exit_conditions:143 - Atualizando stop_loss para posição curta em 2141: 10022.877660388362
2024-12-05 23:54:32.742 | INFO     | src.agents.market:execute_trades:49 - Trade closed: short at 10022.877660388362 with profit 31.15
2024-12-05 23:54:33.063 | INFO     | src.agents.market:execute_trades:71 - Opened long position: size 0.2520784932777234, entry price 10057.710874288492
2024-12-05 23:54:33.066 | INFO     | src.agents.market:check_exit_conditions:131 - Atualizando stop_loss para posição longa em 2483: 10057.710874288492
2024-12-05 23:54:33.067 | INFO     | src.agents.market:check_exit_conditions:131 - Atualizando stop_loss para posição longa em 2484: 10057.710874288492
2024-12-05 23:54:33.068 | INFO     | src.agents.market:execute_trades:49 - Trade closed: long at 10057.710874288492 with profit -30.35
2024-12-05 23:54:33.071 | INFO     | src.agents.market:execute_trades:88 - Opened short position: size 0.3576150806744949, entry price 10057.109572250616
2024-12-05 23:54:33.075 | INFO     | src.agents.market:execute_trades:49 - Trade closed: short at 10059.148576413956 with profit 31.70
2024-12-05 23:54:33.307 | INFO     | src.agents.market:execute_trades:71 - Opened long position: size 0.2360274641004451, entry price 10081.387856659845
2024-12-05 23:54:33.309 | INFO     | src.agents.market:check_exit_conditions:131 - Atualizando stop_loss para posição longa em 2719: 10081.387856659845
2024-12-05 23:54:33.311 | INFO     | src.agents.market:check_exit_conditions:131 - Atualizando stop_loss para posição longa em 2720: 10081.387856659845
2024-12-05 23:54:33.312 | INFO     | src.agents.market:check_exit_conditions:131 - Atualizando stop_loss para posição longa em 2721: 10081.387856659845
2024-12-05 23:54:33.314 | INFO     | src.agents.market:check_exit_conditions:131 - Atualizando stop_loss para posição longa em 2722: 10081.387856659845
2024-12-05 23:54:33.316 | INFO     | src.agents.market:check_exit_conditions:131 - Atualizando stop_loss para posição longa em 2723: 10081.387856659845
2024-12-05 23:54:33.317 | INFO     | src.agents.market:execute_trades:49 - Trade closed: long at 10081.387856659845 with profit -28.79
2024-12-05 23:54:33.574 | INFO     | src.agents.market:execute_trades:88 - Opened short position: size 0.37314612806732583, entry price 10107.126546370242
2024-12-05 23:54:33.577 | INFO     | src.agents.market:execute_trades:49 - Trade closed: short at 10108.937415517315 with profit 33.40
2024-12-05 23:54:33.579 | INFO     | src.agents.market:execute_trades:88 - Opened short position: size 0.37526355766045705, entry price 10108.123030822291
2024-12-05 23:54:33.582 | INFO     | src.agents.market:check_exit_conditions:143 - Atualizando stop_loss para posição curta em 2995: 10108.123030822291
2024-12-05 23:54:33.584 | INFO     | src.agents.market:execute_trades:49 - Trade closed: short at 10108.123030822291 with profit 32.93
2024-12-05 23:54:33.594 | INFO     | src.agents.market:execute_trades:88 - Opened short position: size 0.36409868892474373, entry price 10109.690639429224
2024-12-05 23:54:33.603 | INFO     | src.agents.market:execute_trades:49 - Trade closed: short at 10111.59309604821 with profit 32.51
2024-12-05 23:54:33.647 | INFO     | src.agents.market:execute_trades:88 - Opened short position: size 0.36873711287211264, entry price 10113.981508926532
2024-12-05 23:54:33.654 | INFO     | src.agents.market:check_exit_conditions:143 - Atualizando stop_loss para posição curta em 3054: 10113.981508926532
2024-12-05 23:54:33.657 | INFO     | src.agents.market:execute_trades:49 - Trade closed: short at 10113.981508926532 with profit 32.29
2024-12-05 23:54:33.873 | INFO     | src.agents.market:execute_trades:88 - Opened short position: size 0.36251810067425333, entry price 10136.358626505298
2024-12-05 23:54:33.877 | INFO     | src.agents.market:execute_trades:49 - Trade closed: short at 10138.250990664888 with profit 32.44
2024-12-05 23:54:33.885 | INFO     | src.agents.market:execute_trades:71 - Opened long position: size 0.24062479235796044, entry price 10138.363043730698
2024-12-05 23:54:33.886 | INFO     | src.agents.market:check_exit_conditions:131 - Atualizando stop_loss para posição longa em 3289: 10138.363043730698
2024-12-05 23:54:33.888 | INFO     | src.agents.market:check_exit_conditions:131 - Atualizando stop_loss para posição longa em 3290: 10138.363043730698
2024-12-05 23:54:33.890 | INFO     | src.agents.market:check_exit_conditions:131 - Atualizando stop_loss para posição longa em 3291: 10138.363043730698
2024-12-05 23:54:33.892 | INFO     | src.agents.market:check_exit_conditions:131 - Atualizando stop_loss para posição longa em 3292: 10138.363043730698
2024-12-05 23:54:33.893 | INFO     | src.agents.market:execute_trades:49 - Trade closed: long at 10138.363043730698 with profit -29.40
2024-12-05 23:54:33.942 | INFO     | src.agents.market:execute_trades:88 - Opened short position: size 0.3654114091111148, entry price 10142.313053273487
2024-12-05 23:54:33.946 | INFO     | src.agents.market:execute_trades:49 - Trade closed: short at 10144.272679766864 with profit 32.78
2024-12-05 23:54:33.947 | INFO     | src.agents.market:execute_trades:88 - Opened short position: size 0.3692719060271108, entry price 10142.234597143248
2024-12-05 23:54:33.952 | INFO     | src.agents.market:execute_trades:49 - Trade closed: short at 10144.37714075919 with profit 33.25
2024-12-05 23:54:34.181 | INFO     | src.agents.market:execute_trades:88 - Opened short position: size 0.35950321001878677, entry price 10166.40146142002
2024-12-05 23:54:34.186 | INFO     | src.agents.market:check_exit_conditions:143 - Atualizando stop_loss para posição curta em 3576: 10166.40146142002
2024-12-05 23:54:34.188 | INFO     | src.agents.market:execute_trades:49 - Trade closed: short at 10166.40146142002 with profit 31.55
2024-12-05 23:54:34.247 | INFO     | src.agents.market:execute_trades:88 - Opened short position: size 0.3733302822525919, entry price 10170.807529434192
2024-12-05 23:54:34.253 | INFO     | src.agents.market:execute_trades:49 - Trade closed: short at 10172.568938179329 with profit 33.63
2024-12-05 23:54:34.258 | INFO     | src.agents.market:execute_trades:88 - Opened short position: size 0.37582143881368596, entry price 10171.607626761157
2024-12-05 23:54:34.261 | INFO     | src.agents.market:execute_trades:49 - Trade closed: short at 10173.435435332553 with profit 33.92
2024-12-05 23:54:34.263 | INFO     | src.agents.market:execute_trades:88 - Opened short position: size 0.3753762662638065, entry price 10171.68404765872
2024-12-05 23:54:34.267 | INFO     | src.agents.market:execute_trades:49 - Trade closed: short at 10173.53199452895 with profit 33.88
2024-12-05 23:54:34.506 | INFO     | src.agents.market:execute_trades:88 - Opened short position: size 0.3685197789452021, entry price 10195.734000295486
2024-12-05 23:54:34.511 | INFO     | src.agents.market:execute_trades:49 - Trade closed: short at 10197.77959481442 with profit 33.33
2024-12-05 23:54:34.843 | INFO     | src.agents.market:execute_trades:88 - Opened short position: size 0.37199158572765445, entry price 10230.19522826525
2024-12-05 23:54:34.847 | INFO     | src.agents.market:execute_trades:49 - Trade closed: short at 10232.015405979693 with profit 33.74
2024-12-05 23:54:35.061 | INFO     | src.agents.market:execute_trades:88 - Opened short position: size 0.35648836750926327, entry price 10251.509813705305
2024-12-05 23:54:35.064 | INFO     | src.agents.market:execute_trades:49 - Trade closed: short at 10253.383539664093 with profit 32.22
2024-12-05 23:54:35.357 | INFO     | src.agents.market:execute_trades:88 - Opened short position: size 0.3310212511590379, entry price 10281.497628388233
2024-12-05 23:54:35.369 | INFO     | src.agents.market:execute_trades:49 - Trade closed: short at 10283.505732132116 with profit 29.71
2024-12-05 23:54:35.422 | INFO     | src.agents.market:execute_trades:71 - Opened long position: size 0.29928803169230483, entry price 10287.364140015878
2024-12-05 23:54:35.424 | INFO     | src.agents.market:check_exit_conditions:131 - Atualizando stop_loss para posição longa em 4782: 10287.364140015878
2024-12-05 23:54:35.425 | INFO     | src.agents.market:check_exit_conditions:131 - Atualizando stop_loss para posição longa em 4783: 10287.364140015878
2024-12-05 23:54:35.427 | INFO     | src.agents.market:check_exit_conditions:131 - Atualizando stop_loss para posição longa em 4784: 10287.364140015878
2024-12-05 23:54:35.429 | INFO     | src.agents.market:check_exit_conditions:131 - Atualizando stop_loss para posição longa em 4785: 10287.364140015878
2024-12-05 23:54:35.431 | INFO     | src.agents.market:check_exit_conditions:131 - Atualizando stop_loss para posição longa em 4786: 10287.364140015878
2024-12-05 23:54:35.432 | INFO     | src.agents.market:execute_trades:49 - Trade closed: long at 10287.364140015878 with profit -35.79
2024-12-05 23:54:35.438 | INFO     | src.agents.market:execute_trades:88 - Opened short position: size 0.37314022004084696, entry price 10286.926168254633
2024-12-05 23:54:35.440 | INFO     | src.agents.market:execute_trades:49 - Trade closed: short at 10288.927764303591 with profit 34.14
2024-12-05 23:54:35.444 | INFO     | src.agents.market:execute_trades:71 - Opened long position: size 0.28479033536702064, entry price 10288.63141085211
2024-12-05 23:54:35.445 | INFO     | src.agents.market:check_exit_conditions:131 - Atualizando stop_loss para posição longa em 4793: 10288.63141085211
2024-12-05 23:54:35.448 | INFO     | src.agents.market:check_exit_conditions:131 - Atualizando stop_loss para posição longa em 4794: 10288.63141085211
2024-12-05 23:54:35.450 | INFO     | src.agents.market:check_exit_conditions:131 - Atualizando stop_loss para posição longa em 4795: 10288.63141085211
2024-12-05 23:54:35.454 | INFO     | src.agents.market:check_exit_conditions:131 - Atualizando stop_loss para posição longa em 4796: 10288.63141085211
2024-12-05 23:54:35.456 | INFO     | src.agents.market:check_exit_conditions:131 - Atualizando stop_loss para posição longa em 4797: 10288.63141085211
2024-12-05 23:54:35.458 | INFO     | src.agents.market:check_exit_conditions:131 - Atualizando stop_loss para posição longa em 4798: 10288.63141085211
2024-12-05 23:54:35.459 | INFO     | src.agents.market:check_exit_conditions:131 - Atualizando stop_loss para posição longa em 4799: 10288.63141085211
2024-12-05 23:54:35.461 | INFO     | src.agents.market:check_exit_conditions:131 - Atualizando stop_loss para posição longa em 4800: 10288.63141085211
2024-12-05 23:54:35.462 | INFO     | src.agents.market:check_exit_conditions:131 - Atualizando stop_loss para posição longa em 4801: 10288.63141085211
2024-12-05 23:54:35.464 | INFO     | src.agents.market:check_exit_conditions:131 - Atualizando stop_loss para posição longa em 4802: 10288.63141085211
2024-12-05 23:54:35.467 | INFO     | src.agents.market:check_exit_conditions:131 - Atualizando stop_loss para posição longa em 4803: 10288.63141085211
2024-12-05 23:54:35.470 | INFO     | src.agents.market:check_exit_conditions:131 - Atualizando stop_loss para posição longa em 4804: 10288.63141085211
2024-12-05 23:54:35.472 | INFO     | src.agents.market:check_exit_conditions:131 - Atualizando stop_loss para posição longa em 4805: 10288.63141085211
2024-12-05 23:54:35.474 | INFO     | src.agents.market:check_exit_conditions:131 - Atualizando stop_loss para posição longa em 4806: 10288.63141085211
2024-12-05 23:54:35.475 | INFO     | src.agents.market:check_exit_conditions:131 - Atualizando stop_loss para posição longa em 4807: 10288.63141085211
2024-12-05 23:54:35.477 | INFO     | src.agents.market:check_exit_conditions:131 - Atualizando stop_loss para posição longa em 4808: 10288.63141085211
2024-12-05 23:54:35.478 | INFO     | src.agents.market:check_exit_conditions:131 - Atualizando stop_loss para posição longa em 4809: 10288.63141085211
2024-12-05 23:54:35.480 | INFO     | src.agents.market:check_exit_conditions:131 - Atualizando stop_loss para posição longa em 4810: 10288.63141085211
2024-12-05 23:54:35.481 | INFO     | src.agents.market:execute_trades:49 - Trade closed: long at 10291.320312425998 with profit -33.54
2024-12-05 23:54:35.700 | INFO     | src.agents.market:execute_trades:88 - Opened short position: size 0.3066995281745401, entry price 10310.949061159563
2024-12-05 23:54:35.702 | INFO     | src.agents.market:check_exit_conditions:143 - Atualizando stop_loss para posição curta em 5022: 10310.949061159563
2024-12-05 23:54:35.704 | INFO     | src.agents.market:execute_trades:49 - Trade closed: short at 10310.949061159563 with profit 26.62
2024-12-05 23:54:35.775 | INFO     | src.agents.market:execute_trades:88 - Opened short position: size 0.32223739591394285, entry price 10315.212803965593
2024-12-05 23:54:35.777 | INFO     | src.agents.market:execute_trades:49 - Trade closed: short at 10317.243393962675 with profit 28.90
2024-12-05 23:54:36.011 | INFO     | src.agents.market:execute_trades:88 - Opened short position: size 0.32418061849351915, entry price 10337.715864364798
2024-12-05 23:54:36.016 | INFO     | src.agents.market:execute_trades:49 - Trade closed: short at 10339.744163397301 with profit 29.18
2024-12-05 23:54:36.024 | INFO     | src.agents.market:execute_trades:71 - Opened long position: size 0.22822884019143688, entry price 10339.739687558533
2024-12-05 23:54:36.025 | INFO     | src.agents.market:check_exit_conditions:131 - Atualizando stop_loss para posição longa em 5304: 10339.739687558533
2024-12-05 23:54:36.027 | INFO     | src.agents.market:check_exit_conditions:131 - Atualizando stop_loss para posição longa em 5305: 10339.739687558533
2024-12-05 23:54:36.029 | INFO     | src.agents.market:check_exit_conditions:131 - Atualizando stop_loss para posição longa em 5306: 10339.739687558533
2024-12-05 23:54:36.030 | INFO     | src.agents.market:execute_trades:49 - Trade closed: long at 10339.739687558533 with profit -28.60
2024-12-05 23:54:36.090 | INFO     | src.agents.market:execute_trades:88 - Opened short position: size 0.3201610176295083, entry price 10343.7584974353
2024-12-05 23:54:36.095 | INFO     | src.agents.market:execute_trades:49 - Trade closed: short at 10345.835076371535 with profit 28.79
2024-12-05 23:54:36.096 | INFO     | src.agents.market:execute_trades:88 - Opened short position: size 0.3100857747583339, entry price 10343.964079024583
2024-12-05 23:54:36.100 | INFO     | src.agents.market:execute_trades:49 - Trade closed: short at 10346.01187909274 with profit 27.72
2024-12-05 23:54:36.105 | INFO     | src.agents.market:execute_trades:71 - Opened long position: size 0.2405868326035451, entry price 10346.08817395089
2024-12-05 23:54:36.106 | INFO     | src.agents.market:check_exit_conditions:131 - Atualizando stop_loss para posição longa em 5365: 10346.08817395089
2024-12-05 23:54:36.108 | INFO     | src.agents.market:check_exit_conditions:131 - Atualizando stop_loss para posição longa em 5366: 10346.08817395089
2024-12-05 23:54:36.109 | INFO     | src.agents.market:execute_trades:49 - Trade closed: long at 10346.08817395089 with profit -29.89
2024-12-05 23:54:36.410 | INFO     | src.agents.market:execute_trades:88 - Opened short position: size 0.3097642017493909, entry price 10372.850629157783
2024-12-05 23:54:36.417 | INFO     | src.agents.market:execute_trades:49 - Trade closed: short at 10375.090012566363 with profit 27.83
2024-12-05 23:54:36.537 | INFO     | src.agents.coordinator:backtest:154 - Completed trade execution simulation
2024-12-05 23:54:36.537 | INFO     | src.agents.coordinator:backtest:156 - Completed backtest from 2024-11-15 to 2024-12-05
2024-12-05 23:54:36.803 | INFO     | __main__:main:60 - Strategy execution completed successfully
