2024-12-05 23:56:27.426 | INFO     | __main__:main:14 - Starting Mini Dollar Strategy
2024-12-05 23:56:27.427 | INFO     | src.data.loaders.market_data:__init__:9 - Using database: src/data/database/candles.db, table: candles
2024-12-05 23:56:27.428 | INFO     | src.analysis.technical.enhanced_strategy_v2:__init__:42 - Initialized EnhancedTechnicalStrategyV2
2024-12-05 23:56:27.428 | INFO     | src.agents.coordinator:__init__:41 - Initialized StrategyCoordinator with parameters:
2024-12-05 23:56:27.429 | INFO     | __main__:main:31 - Running backtest from 2024-11-05 23:56:27.429245 to 2024-12-05 23:56:27.429245
2024-12-05 23:56:27.429 | INFO     | src.data.loaders.market_data:get_minute_data:13 - Attempting to load data from src/data/database/candles.db, table: candles
2024-12-05 23:56:27.483 | INFO     | src.data.loaders.market_data:get_minute_data:31 - Data loaded: 8640 records
2024-12-05 23:56:27.493 | INFO     | src.data.loaders.market_data:get_minute_data:48 - Data resampled to 1-minute intervals: 8640 records
2024-12-05 23:56:27.494 | INFO     | src.data.loaders.market_data:get_minute_data:53 - 'time' column reset to ensure its presence: ['time', 'open', 'high', 'low', 'close', 'volume']
2024-12-05 23:56:27.494 | INFO     | src.agents.coordinator:backtest:148 - Loaded 8640 candles for backtest
2024-12-05 23:56:27.669 | INFO     | src.analysis.technical.enhanced_strategy_v2:load_model:189 - Model loaded from model.pkl
2024-12-05 23:56:27.832 | INFO     | src.agents.coordinator:backtest:151 - Processed market data with technical indicators and ML signals
2024-12-05 23:56:27.977 | INFO     | src.agents.market:execute_trades:88 - Opened short position: size 0.3710311531043533, entry price 9537.27816314761
2024-12-05 23:56:27.979 | INFO     | src.agents.market:execute_trades:49 - Trade closed: short at 9539.328361222382 with profit 31.15
2024-12-05 23:56:27.985 | INFO     | src.agents.market:execute_trades:88 - Opened short position: size 0.3625449287799322, entry price 9538.664408055422
2024-12-05 23:56:27.991 | INFO     | src.agents.market:execute_trades:49 - Trade closed: short at 9540.787506702889 with profit 30.36
2024-12-05 23:56:28.179 | INFO     | src.agents.market:execute_trades:88 - Opened short position: size 0.373648119478493, entry price 9561.25437103517
2024-12-05 23:56:28.185 | INFO     | src.agents.market:execute_trades:49 - Trade closed: short at 9563.023950311093 with profit 31.39
2024-12-05 23:56:28.188 | INFO     | src.agents.market:execute_trades:71 - Opened long position: size 0.2230949826641867, entry price 9563.030558961558
2024-12-05 23:56:28.189 | INFO     | src.agents.market:check_exit_conditions:131 - Atualizando stop_loss para posição longa em 414: 9563.030558961558
2024-12-05 23:56:28.190 | INFO     | src.agents.market:check_exit_conditions:131 - Atualizando stop_loss para posição longa em 415: 9563.030558961558
2024-12-05 23:56:28.191 | INFO     | src.agents.market:execute_trades:49 - Trade closed: long at 9563.030558961558 with profit -26.33
2024-12-05 23:56:28.239 | INFO     | src.agents.market:execute_trades:88 - Opened short position: size 0.3815598226263539, entry price 9567.320861395141
2024-12-05 23:56:28.241 | INFO     | src.agents.market:execute_trades:49 - Trade closed: short at 9569.09113580433 with profit 32.19
2024-12-05 23:56:28.425 | INFO     | src.agents.market:execute_trades:88 - Opened short position: size 0.3830385441587938, entry price 9588.490495812555
2024-12-05 23:56:28.426 | INFO     | src.agents.market:execute_trades:49 - Trade closed: short at 9590.172042137552 with profit 32.38
2024-12-05 23:56:28.428 | INFO     | src.agents.market:execute_trades:88 - Opened short position: size 0.3534468708529046, entry price 9589.912618365332
2024-12-05 23:56:28.436 | INFO     | src.agents.market:execute_trades:49 - Trade closed: short at 9591.77418697852 with profit 29.56
2024-12-05 23:56:28.483 | INFO     | src.agents.market:execute_trades:88 - Opened short position: size 0.37743628208223, entry price 9594.862491008174
2024-12-05 23:56:28.487 | INFO     | src.agents.market:execute_trades:49 - Trade closed: short at 9596.701543725068 with profit 31.92
2024-12-05 23:56:28.729 | INFO     | src.agents.market:execute_trades:88 - Opened short position: size 0.38108030219628325, entry price 9623.909695457021
2024-12-05 23:56:28.734 | INFO     | src.agents.market:execute_trades:49 - Trade closed: short at 9625.92277167372 with profit 32.45
2024-12-05 23:56:28.928 | INFO     | src.agents.market:execute_trades:88 - Opened short position: size 0.3094017551794994, entry price 9647.643849521155
2024-12-05 23:56:28.934 | INFO     | src.agents.market:check_exit_conditions:143 - Atualizando stop_loss para posição curta em 1272: 9647.643849521155
2024-12-05 23:56:28.935 | INFO     | src.agents.market:execute_trades:49 - Trade closed: short at 9647.643849521155 with profit 24.85
2024-12-05 23:56:29.224 | INFO     | src.agents.market:execute_trades:88 - Opened short position: size 0.36295280705364635, entry price 9682.190519099282
2024-12-05 23:56:29.227 | INFO     | src.agents.market:execute_trades:49 - Trade closed: short at 9684.009641632412 with profit 30.81
2024-12-05 23:56:29.229 | INFO     | src.agents.market:execute_trades:71 - Opened long position: size 0.2984370308754379, entry price 9683.146162509272
2024-12-05 23:56:29.230 | INFO     | src.agents.market:check_exit_conditions:131 - Atualizando stop_loss para posição longa em 1618: 9683.146162509272
2024-12-05 23:56:29.231 | INFO     | src.agents.market:check_exit_conditions:131 - Atualizando stop_loss para posição longa em 1619: 9683.146162509272
2024-12-05 23:56:29.232 | INFO     | src.agents.market:execute_trades:49 - Trade closed: long at 9683.146162509272 with profit -33.90
2024-12-05 23:56:29.233 | INFO     | src.agents.market:execute_trades:88 - Opened short position: size 0.3816784735964038, entry price 9682.267360143962
2024-12-05 23:56:29.236 | INFO     | src.agents.market:execute_trades:49 - Trade closed: short at 9684.251739623878 with profit 32.72
2024-12-05 23:56:29.238 | INFO     | src.agents.market:execute_trades:88 - Opened short position: size 0.38120364485724534, entry price 9682.167728041706
2024-12-05 23:56:29.241 | INFO     | src.agents.market:execute_trades:49 - Trade closed: short at 9684.01622197932 with profit 32.62
2024-12-05 23:56:29.430 | INFO     | src.agents.market:execute_trades:71 - Opened long position: size 0.266457289494059, entry price 9704.83022005434
2024-12-05 23:56:29.432 | INFO     | src.agents.market:check_exit_conditions:131 - Atualizando stop_loss para posição longa em 1839: 9704.83022005434
2024-12-05 23:56:29.433 | INFO     | src.agents.market:check_exit_conditions:131 - Atualizando stop_loss para posição longa em 1840: 9704.83022005434
2024-12-05 23:56:29.435 | INFO     | src.agents.market:check_exit_conditions:131 - Atualizando stop_loss para posição longa em 1841: 9704.83022005434
2024-12-05 23:56:29.436 | INFO     | src.agents.market:check_exit_conditions:131 - Atualizando stop_loss para posição longa em 1842: 9704.83022005434
2024-12-05 23:56:29.437 | INFO     | src.agents.market:check_exit_conditions:131 - Atualizando stop_loss para posição longa em 1843: 9704.83022005434
2024-12-05 23:56:29.439 | INFO     | src.agents.market:check_exit_conditions:131 - Atualizando stop_loss para posição longa em 1844: 9704.83022005434
2024-12-05 23:56:29.441 | INFO     | src.agents.market:check_exit_conditions:131 - Atualizando stop_loss para posição longa em 1845: 9704.83022005434
2024-12-05 23:56:29.443 | INFO     | src.agents.market:check_exit_conditions:131 - Atualizando stop_loss para posição longa em 1846: 9704.83022005434
2024-12-05 23:56:29.445 | INFO     | src.agents.market:check_exit_conditions:131 - Atualizando stop_loss para posição longa em 1847: 9704.83022005434
2024-12-05 23:56:29.447 | INFO     | src.agents.market:check_exit_conditions:131 - Atualizando stop_loss para posição longa em 1848: 9704.83022005434
2024-12-05 23:56:29.448 | INFO     | src.agents.market:check_exit_conditions:131 - Atualizando stop_loss para posição longa em 1849: 9704.83022005434
2024-12-05 23:56:29.450 | INFO     | src.agents.market:check_exit_conditions:131 - Atualizando stop_loss para posição longa em 1850: 9704.83022005434
2024-12-05 23:56:29.451 | INFO     | src.agents.market:execute_trades:49 - Trade closed: long at 9707.005624209987 with profit -30.29
2024-12-05 23:56:29.510 | INFO     | src.agents.market:execute_trades:88 - Opened short position: size 0.3585474279110125, entry price 9711.517768386708
2024-12-05 23:56:29.517 | INFO     | src.agents.market:execute_trades:49 - Trade closed: short at 9713.327880010502 with profit 30.48
2024-12-05 23:56:29.709 | INFO     | src.agents.market:execute_trades:71 - Opened long position: size 0.25397108290969844, entry price 9734.370543353612
2024-12-05 23:56:29.711 | INFO     | src.agents.market:check_exit_conditions:131 - Atualizando stop_loss para posição longa em 2127: 9734.370543353612
2024-12-05 23:56:29.712 | INFO     | src.agents.market:check_exit_conditions:131 - Atualizando stop_loss para posição longa em 2128: 9734.370543353612
2024-12-05 23:56:29.713 | INFO     | src.agents.market:execute_trades:49 - Trade closed: long at 9734.370543353612 with profit -29.72
2024-12-05 23:56:29.717 | INFO     | src.agents.market:execute_trades:88 - Opened short position: size 0.37554992091050865, entry price 9733.526190347453
2024-12-05 23:56:29.720 | INFO     | src.agents.market:execute_trades:49 - Trade closed: short at 9735.283150577234 with profit 32.22
2024-12-05 23:56:29.726 | INFO     | src.agents.market:execute_trades:88 - Opened short position: size 0.3750421923113556, entry price 9734.40455745935
2024-12-05 23:56:29.728 | INFO     | src.agents.market:execute_trades:49 - Trade closed: short at 9736.222903131718 with profit 32.20
2024-12-05 23:56:29.730 | INFO     | src.agents.market:execute_trades:88 - Opened short position: size 0.3462905358782246, entry price 9735.24994035008
2024-12-05 23:56:29.740 | INFO     | src.agents.market:execute_trades:49 - Trade closed: short at 9737.171988187376 with profit 29.38
2024-12-05 23:56:29.783 | INFO     | src.agents.market:execute_trades:88 - Opened short position: size 0.36447120685662693, entry price 9740.344931958318
2024-12-05 23:56:29.785 | INFO     | src.agents.market:check_exit_conditions:143 - Atualizando stop_loss para posição curta em 2191: 9740.344931958318
2024-12-05 23:56:29.787 | INFO     | src.agents.market:execute_trades:49 - Trade closed: short at 9740.344931958318 with profit 30.50
2024-12-05 23:56:29.792 | INFO     | src.agents.market:execute_trades:88 - Opened short position: size 0.38306892081539834, entry price 9739.276800897775
2024-12-05 23:56:29.794 | INFO     | src.agents.market:execute_trades:49 - Trade closed: short at 9741.23711131633 with profit 33.07
2024-12-05 23:56:29.991 | INFO     | src.agents.market:execute_trades:88 - Opened short position: size 0.36673037951512033, entry price 9761.918647704348
2024-12-05 23:56:30.000 | INFO     | src.agents.market:execute_trades:49 - Trade closed: short at 9763.768536426129 with profit 31.49
2024-12-05 23:56:30.267 | INFO     | src.agents.market:execute_trades:88 - Opened short position: size 0.37239953280632937, entry price 9790.995623246514
2024-12-05 23:56:30.269 | INFO     | src.agents.market:check_exit_conditions:143 - Atualizando stop_loss para posição curta em 2704: 9790.995623246514
2024-12-05 23:56:30.270 | INFO     | src.agents.market:execute_trades:49 - Trade closed: short at 9790.995623246514 with profit 31.46
2024-12-05 23:56:30.277 | INFO     | src.agents.market:execute_trades:88 - Opened short position: size 0.36981184803423517, entry price 9791.777440557778
2024-12-05 23:56:30.280 | INFO     | src.agents.market:execute_trades:49 - Trade closed: short at 9793.283833475354 with profit 31.77
2024-12-05 23:56:30.282 | INFO     | src.agents.market:execute_trades:88 - Opened short position: size 0.380165033113658, entry price 9791.803641286002
2024-12-05 23:56:30.286 | INFO     | src.agents.market:execute_trades:49 - Trade closed: short at 9793.379972766816 with profit 32.83
2024-12-05 23:56:30.344 | INFO     | src.agents.market:execute_trades:71 - Opened long position: size 0.2680036814113659, entry price 9797.845100068906
2024-12-05 23:56:30.346 | INFO     | src.agents.market:check_exit_conditions:131 - Atualizando stop_loss para posição longa em 2765: 9797.845100068906
2024-12-05 23:56:30.347 | INFO     | src.agents.market:check_exit_conditions:131 - Atualizando stop_loss para posição longa em 2766: 9797.845100068906
2024-12-05 23:56:30.350 | INFO     | src.agents.market:check_exit_conditions:131 - Atualizando stop_loss para posição longa em 2767: 9797.845100068906
2024-12-05 23:56:30.351 | INFO     | src.agents.market:execute_trades:49 - Trade closed: long at 9797.845100068906 with profit -31.26
2024-12-05 23:56:30.585 | INFO     | src.agents.market:execute_trades:88 - Opened short position: size 0.35254852897373556, entry price 9820.332930820552
2024-12-05 23:56:30.587 | INFO     | src.agents.market:execute_trades:49 - Trade closed: short at 9822.208714803071 with profit 30.29
2024-12-05 23:56:30.907 | INFO     | src.agents.market:execute_trades:71 - Opened long position: size 0.2922145273919661, entry price 9856.510963996523
2024-12-05 23:56:30.908 | INFO     | src.agents.market:check_exit_conditions:131 - Atualizando stop_loss para posição longa em 3355: 9856.510963996523
2024-12-05 23:56:30.910 | INFO     | src.agents.market:check_exit_conditions:131 - Atualizando stop_loss para posição longa em 3356: 9856.510963996523
2024-12-05 23:56:30.912 | INFO     | src.agents.market:check_exit_conditions:131 - Atualizando stop_loss para posição longa em 3357: 9856.510963996523
2024-12-05 23:56:30.913 | INFO     | src.agents.market:check_exit_conditions:131 - Atualizando stop_loss para posição longa em 3358: 9856.510963996523
2024-12-05 23:56:30.915 | INFO     | src.agents.market:check_exit_conditions:131 - Atualizando stop_loss para posição longa em 3359: 9856.510963996523
2024-12-05 23:56:30.917 | INFO     | src.agents.market:check_exit_conditions:131 - Atualizando stop_loss para posição longa em 3360: 9856.510963996523
2024-12-05 23:56:30.919 | INFO     | src.agents.market:check_exit_conditions:131 - Atualizando stop_loss para posição longa em 3361: 9856.510963996523
2024-12-05 23:56:30.921 | INFO     | src.agents.market:check_exit_conditions:131 - Atualizando stop_loss para posição longa em 3362: 9856.510963996523
2024-12-05 23:56:30.922 | INFO     | src.agents.market:check_exit_conditions:131 - Atualizando stop_loss para posição longa em 3363: 9856.510963996523
2024-12-05 23:56:30.924 | INFO     | src.agents.market:check_exit_conditions:131 - Atualizando stop_loss para posição longa em 3364: 9856.510963996523
2024-12-05 23:56:30.926 | INFO     | src.agents.market:check_exit_conditions:131 - Atualizando stop_loss para posição longa em 3365: 9856.510963996523
2024-12-05 23:56:30.928 | INFO     | src.agents.market:check_exit_conditions:131 - Atualizando stop_loss para posição longa em 3366: 9856.510963996523
2024-12-05 23:56:30.930 | INFO     | src.agents.market:check_exit_conditions:131 - Atualizando stop_loss para posição longa em 3367: 9856.510963996523
2024-12-05 23:56:30.931 | INFO     | src.agents.market:check_exit_conditions:131 - Atualizando stop_loss para posição longa em 3368: 9856.510963996523
2024-12-05 23:56:30.934 | INFO     | src.agents.market:check_exit_conditions:131 - Atualizando stop_loss para posição longa em 3369: 9856.510963996523
2024-12-05 23:56:30.936 | INFO     | src.agents.market:check_exit_conditions:131 - Atualizando stop_loss para posição longa em 3370: 9856.510963996523
2024-12-05 23:56:30.938 | INFO     | src.agents.market:check_exit_conditions:131 - Atualizando stop_loss para posição longa em 3371: 9856.510963996523
2024-12-05 23:56:30.939 | INFO     | src.agents.market:check_exit_conditions:131 - Atualizando stop_loss para posição longa em 3372: 9856.510963996523
2024-12-05 23:56:30.940 | INFO     | src.agents.market:execute_trades:49 - Trade closed: long at 9859.074834348963 with profit -33.06
2024-12-05 23:56:31.130 | INFO     | src.agents.market:execute_trades:71 - Opened long position: size 0.16560496852128992, entry price 9878.705997628203
2024-12-05 23:56:31.132 | INFO     | src.agents.market:check_exit_conditions:131 - Atualizando stop_loss para posição longa em 3570: 9878.705997628203
2024-12-05 23:56:31.133 | INFO     | src.agents.market:check_exit_conditions:131 - Atualizando stop_loss para posição longa em 3571: 9878.705997628203
2024-12-05 23:56:31.134 | INFO     | src.agents.market:execute_trades:49 - Trade closed: long at 9878.705997628203 with profit -21.36
2024-12-05 23:56:31.190 | INFO     | src.agents.market:execute_trades:88 - Opened short position: size 0.38166163153281857, entry price 9882.199347815718
2024-12-05 23:56:31.192 | INFO     | src.agents.market:execute_trades:49 - Trade closed: short at 9884.030813832673 with profit 33.42
2024-12-05 23:56:31.421 | INFO     | src.agents.market:execute_trades:88 - Opened short position: size 0.37539804793743436, entry price 9905.689003551957
2024-12-05 23:56:31.426 | INFO     | src.agents.market:execute_trades:49 - Trade closed: short at 9907.52171605539 with profit 32.88
2024-12-05 23:56:31.432 | INFO     | src.agents.market:execute_trades:88 - Opened short position: size 0.3606025230535293, entry price 9906.915738882299
2024-12-05 23:56:31.444 | INFO     | src.agents.market:execute_trades:49 - Trade closed: short at 9908.532316853425 with profit 31.31
2024-12-05 23:56:31.445 | INFO     | src.agents.market:execute_trades:88 - Opened short position: size 0.38374679776254705, entry price 9906.80761497958
2024-12-05 23:56:31.448 | INFO     | src.agents.market:execute_trades:49 - Trade closed: short at 9908.781811386607 with profit 33.78
2024-12-05 23:56:31.450 | INFO     | src.agents.market:execute_trades:71 - Opened long position: size 0.2548267566137522, entry price 9908.488273260173
2024-12-05 23:56:31.452 | INFO     | src.agents.market:check_exit_conditions:131 - Atualizando stop_loss para posição longa em 3870: 9908.488273260173
2024-12-05 23:56:31.456 | INFO     | src.agents.market:check_exit_conditions:131 - Atualizando stop_loss para posição longa em 3871: 9908.488273260173
2024-12-05 23:56:31.457 | INFO     | src.agents.market:execute_trades:49 - Trade closed: long at 9908.488273260173 with profit -30.25
2024-12-05 23:56:31.724 | INFO     | src.agents.market:execute_trades:71 - Opened long position: size 0.2768271471188976, entry price 9935.840170917361
2024-12-05 23:56:31.725 | INFO     | src.agents.market:check_exit_conditions:131 - Atualizando stop_loss para posição longa em 4146: 9935.840170917361
2024-12-05 23:56:31.727 | INFO     | src.agents.market:check_exit_conditions:131 - Atualizando stop_loss para posição longa em 4147: 9935.840170917361
2024-12-05 23:56:31.728 | INFO     | src.agents.market:execute_trades:49 - Trade closed: long at 9935.840170917361 with profit -32.51
2024-12-05 23:56:31.791 | INFO     | src.agents.market:execute_trades:88 - Opened short position: size 0.37554766536908607, entry price 9941.409903083437
2024-12-05 23:56:31.796 | INFO     | src.agents.market:execute_trades:49 - Trade closed: short at 9943.165388444693 with profit 33.00
2024-12-05 23:56:31.797 | INFO     | src.agents.market:execute_trades:88 - Opened short position: size 0.3599873683389405, entry price 9941.960659037073
2024-12-05 23:56:31.800 | INFO     | src.agents.market:check_exit_conditions:143 - Atualizando stop_loss para posição curta em 4209: 9941.960659037073
2024-12-05 23:56:31.804 | INFO     | src.agents.market:execute_trades:49 - Trade closed: short at 9941.960659037073 with profit 30.79
2024-12-05 23:56:32.300 | INFO     | src.agents.market:execute_trades:88 - Opened short position: size 0.37436372110820826, entry price 9992.850654792011
2024-12-05 23:56:32.308 | INFO     | src.agents.market:execute_trades:49 - Trade closed: short at 9994.76065884468 with profit 33.13
2024-12-05 23:56:32.315 | INFO     | src.agents.market:execute_trades:88 - Opened short position: size 0.3776296967157182, entry price 9993.43702321674
2024-12-05 23:56:32.318 | INFO     | src.agents.market:execute_trades:49 - Trade closed: short at 9995.03567863769 with profit 33.35
2024-12-05 23:56:32.319 | INFO     | src.agents.market:execute_trades:88 - Opened short position: size 0.3667828943231486, entry price 9994.194897576486
2024-12-05 23:56:32.324 | INFO     | src.agents.market:execute_trades:49 - Trade closed: short at 9995.914424421344 with profit 32.29
2024-12-05 23:56:32.613 | INFO     | src.agents.market:execute_trades:71 - Opened long position: size 0.2731988562887368, entry price 10021.955383905097
2024-12-05 23:56:32.615 | INFO     | src.agents.market:check_exit_conditions:131 - Atualizando stop_loss para posição longa em 5007: 10021.955383905097
2024-12-05 23:56:32.617 | INFO     | src.agents.market:check_exit_conditions:131 - Atualizando stop_loss para posição longa em 5008: 10021.955383905097
2024-12-05 23:56:32.617 | INFO     | src.agents.market:execute_trades:49 - Trade closed: long at 10021.955383905097 with profit -32.38
2024-12-05 23:56:32.633 | INFO     | src.agents.market:execute_trades:88 - Opened short position: size 0.36627065679862103, entry price 10022.877660388362
2024-12-05 23:56:32.635 | INFO     | src.agents.market:check_exit_conditions:143 - Atualizando stop_loss para posição curta em 5021: 10022.877660388362
2024-12-05 23:56:32.639 | INFO     | src.agents.market:execute_trades:49 - Trade closed: short at 10022.877660388362 with profit 31.71
2024-12-05 23:56:32.985 | INFO     | src.agents.market:execute_trades:71 - Opened long position: size 0.25210775174915573, entry price 10057.710874288492
2024-12-05 23:56:32.987 | INFO     | src.agents.market:check_exit_conditions:131 - Atualizando stop_loss para posição longa em 5363: 10057.710874288492
2024-12-05 23:56:32.989 | INFO     | src.agents.market:check_exit_conditions:131 - Atualizando stop_loss para posição longa em 5364: 10057.710874288492
2024-12-05 23:56:32.990 | INFO     | src.agents.market:execute_trades:49 - Trade closed: long at 10057.710874288492 with profit -30.36
2024-12-05 23:56:32.992 | INFO     | src.agents.market:execute_trades:88 - Opened short position: size 0.362129806062371, entry price 10057.109572250616
2024-12-05 23:56:32.997 | INFO     | src.agents.market:execute_trades:49 - Trade closed: short at 10059.148576413956 with profit 32.17
2024-12-05 23:56:33.243 | INFO     | src.agents.market:execute_trades:71 - Opened long position: size 0.2341413529634469, entry price 10081.387856659845
2024-12-05 23:56:33.245 | INFO     | src.agents.market:check_exit_conditions:131 - Atualizando stop_loss para posição longa em 5599: 10081.387856659845
2024-12-05 23:56:33.247 | INFO     | src.agents.market:check_exit_conditions:131 - Atualizando stop_loss para posição longa em 5600: 10081.387856659845
2024-12-05 23:56:33.249 | INFO     | src.agents.market:check_exit_conditions:131 - Atualizando stop_loss para posição longa em 5601: 10081.387856659845
2024-12-05 23:56:33.251 | INFO     | src.agents.market:check_exit_conditions:131 - Atualizando stop_loss para posição longa em 5602: 10081.387856659845
2024-12-05 23:56:33.253 | INFO     | src.agents.market:check_exit_conditions:131 - Atualizando stop_loss para posição longa em 5603: 10081.387856659845
2024-12-05 23:56:33.254 | INFO     | src.agents.market:execute_trades:49 - Trade closed: long at 10081.387856659845 with profit -28.60
2024-12-05 23:56:33.530 | INFO     | src.agents.market:execute_trades:88 - Opened short position: size 0.38229957790345886, entry price 10107.126546370242
2024-12-05 23:56:33.533 | INFO     | src.agents.market:execute_trades:49 - Trade closed: short at 10108.937415517315 with profit 34.34
2024-12-05 23:56:33.535 | INFO     | src.agents.market:execute_trades:88 - Opened short position: size 0.3797563814620872, entry price 10108.123030822291
2024-12-05 23:56:33.538 | INFO     | src.agents.market:check_exit_conditions:143 - Atualizando stop_loss para posição curta em 5875: 10108.123030822291
2024-12-05 23:56:33.541 | INFO     | src.agents.market:execute_trades:49 - Trade closed: short at 10108.123030822291 with profit 33.39
2024-12-05 23:56:33.556 | INFO     | src.agents.market:execute_trades:88 - Opened short position: size 0.3662612976553578, entry price 10109.690639429224
2024-12-05 23:56:33.564 | INFO     | src.agents.market:execute_trades:49 - Trade closed: short at 10111.59309604821 with profit 32.73
2024-12-05 23:56:33.610 | INFO     | src.agents.market:execute_trades:88 - Opened short position: size 0.36837909584516404, entry price 10113.981508926532
2024-12-05 23:56:33.616 | INFO     | src.agents.market:check_exit_conditions:143 - Atualizando stop_loss para posição curta em 5934: 10113.981508926532
2024-12-05 23:56:33.619 | INFO     | src.agents.market:execute_trades:49 - Trade closed: short at 10113.981508926532 with profit 32.26
2024-12-05 23:56:33.854 | INFO     | src.agents.market:execute_trades:88 - Opened short position: size 0.3653808948240621, entry price 10136.358626505298
2024-12-05 23:56:33.858 | INFO     | src.agents.market:execute_trades:49 - Trade closed: short at 10138.250990664888 with profit 32.73
2024-12-05 23:56:33.870 | INFO     | src.agents.market:execute_trades:71 - Opened long position: size 0.24064309545509782, entry price 10138.363043730698
2024-12-05 23:56:33.871 | INFO     | src.agents.market:check_exit_conditions:131 - Atualizando stop_loss para posição longa em 6169: 10138.363043730698
2024-12-05 23:56:33.873 | INFO     | src.agents.market:check_exit_conditions:131 - Atualizando stop_loss para posição longa em 6170: 10138.363043730698
2024-12-05 23:56:33.874 | INFO     | src.agents.market:check_exit_conditions:131 - Atualizando stop_loss para posição longa em 6171: 10138.363043730698
2024-12-05 23:56:33.877 | INFO     | src.agents.market:check_exit_conditions:131 - Atualizando stop_loss para posição longa em 6172: 10138.363043730698
2024-12-05 23:56:33.878 | INFO     | src.agents.market:execute_trades:49 - Trade closed: long at 10138.363043730698 with profit -29.40
2024-12-05 23:56:33.935 | INFO     | src.agents.market:execute_trades:88 - Opened short position: size 0.36685026589152364, entry price 10142.313053273487
2024-12-05 23:56:33.941 | INFO     | src.agents.market:execute_trades:49 - Trade closed: short at 10144.272679766864 with profit 32.93
2024-12-05 23:56:33.942 | INFO     | src.agents.market:execute_trades:88 - Opened short position: size 0.3773115639756399, entry price 10142.234597143248
2024-12-05 23:56:33.945 | INFO     | src.agents.market:execute_trades:49 - Trade closed: short at 10144.37714075919 with profit 34.08
2024-12-05 23:56:34.196 | INFO     | src.agents.market:execute_trades:88 - Opened short position: size 0.3610308675695943, entry price 10166.40146142002
2024-12-05 23:56:34.200 | INFO     | src.agents.market:check_exit_conditions:143 - Atualizando stop_loss para posição curta em 6456: 10166.40146142002
2024-12-05 23:56:34.202 | INFO     | src.agents.market:execute_trades:49 - Trade closed: short at 10166.40146142002 with profit 31.70
2024-12-05 23:56:34.267 | INFO     | src.agents.market:execute_trades:88 - Opened short position: size 0.3737205643972657, entry price 10170.807529434192
2024-12-05 23:56:34.271 | INFO     | src.agents.market:execute_trades:49 - Trade closed: short at 10172.568938179329 with profit 33.68
2024-12-05 23:56:34.276 | INFO     | src.agents.market:execute_trades:88 - Opened short position: size 0.3829702840629476, entry price 10171.607626761157
2024-12-05 23:56:34.280 | INFO     | src.agents.market:execute_trades:49 - Trade closed: short at 10173.435435332553 with profit 34.66
2024-12-05 23:56:34.283 | INFO     | src.agents.market:execute_trades:88 - Opened short position: size 0.3840898725697467, entry price 10171.68404765872
2024-12-05 23:56:34.286 | INFO     | src.agents.market:execute_trades:49 - Trade closed: short at 10173.53199452895 with profit 34.79
2024-12-05 23:56:34.534 | INFO     | src.agents.market:execute_trades:88 - Opened short position: size 0.37059238937946754, entry price 10195.734000295486
2024-12-05 23:56:34.540 | INFO     | src.agents.market:execute_trades:49 - Trade closed: short at 10197.77959481442 with profit 33.55
2024-12-05 23:56:34.920 | INFO     | src.agents.market:execute_trades:88 - Opened short position: size 0.3782926749617051, entry price 10230.19522826525
2024-12-05 23:56:34.924 | INFO     | src.agents.market:execute_trades:49 - Trade closed: short at 10232.015405979693 with profit 34.40
2024-12-05 23:56:35.154 | INFO     | src.agents.market:execute_trades:88 - Opened short position: size 0.2991308539066351, entry price 10251.509813705305
2024-12-05 23:56:35.158 | INFO     | src.agents.market:execute_trades:49 - Trade closed: short at 10253.383539664093 with profit 26.23
2024-12-05 23:56:35.491 | INFO     | src.agents.market:execute_trades:88 - Opened short position: size 0.27128651710286705, entry price 10281.497628388233
2024-12-05 23:56:35.505 | INFO     | src.agents.market:execute_trades:49 - Trade closed: short at 10283.505732132116 with profit 23.44
2024-12-05 23:56:35.563 | INFO     | src.agents.market:execute_trades:71 - Opened long position: size 0.26374274313326984, entry price 10287.364140015878
2024-12-05 23:56:35.566 | INFO     | src.agents.market:check_exit_conditions:131 - Atualizando stop_loss para posição longa em 7662: 10287.364140015878
2024-12-05 23:56:35.569 | INFO     | src.agents.market:check_exit_conditions:131 - Atualizando stop_loss para posição longa em 7663: 10287.364140015878
2024-12-05 23:56:35.571 | INFO     | src.agents.market:check_exit_conditions:131 - Atualizando stop_loss para posição longa em 7664: 10287.364140015878
2024-12-05 23:56:35.573 | INFO     | src.agents.market:check_exit_conditions:131 - Atualizando stop_loss para posição longa em 7665: 10287.364140015878
2024-12-05 23:56:35.575 | INFO     | src.agents.market:check_exit_conditions:131 - Atualizando stop_loss para posição longa em 7666: 10287.364140015878
2024-12-05 23:56:35.575 | INFO     | src.agents.market:execute_trades:49 - Trade closed: long at 10287.364140015878 with profit -32.13
2024-12-05 23:56:35.579 | INFO     | src.agents.market:execute_trades:88 - Opened short position: size 0.3284649897411531, entry price 10286.926168254633
2024-12-05 23:56:35.581 | INFO     | src.agents.market:execute_trades:49 - Trade closed: short at 10288.927764303591 with profit 29.45
2024-12-05 23:56:35.588 | INFO     | src.agents.market:execute_trades:71 - Opened long position: size 0.24079842798717035, entry price 10288.63141085211
2024-12-05 23:56:35.590 | INFO     | src.agents.market:check_exit_conditions:131 - Atualizando stop_loss para posição longa em 7673: 10288.63141085211
2024-12-05 23:56:35.591 | INFO     | src.agents.market:check_exit_conditions:131 - Atualizando stop_loss para posição longa em 7674: 10288.63141085211
2024-12-05 23:56:35.593 | INFO     | src.agents.market:check_exit_conditions:131 - Atualizando stop_loss para posição longa em 7675: 10288.63141085211
2024-12-05 23:56:35.595 | INFO     | src.agents.market:check_exit_conditions:131 - Atualizando stop_loss para posição longa em 7676: 10288.63141085211
2024-12-05 23:56:35.597 | INFO     | src.agents.market:check_exit_conditions:131 - Atualizando stop_loss para posição longa em 7677: 10288.63141085211
2024-12-05 23:56:35.599 | INFO     | src.agents.market:check_exit_conditions:131 - Atualizando stop_loss para posição longa em 7678: 10288.63141085211
2024-12-05 23:56:35.603 | INFO     | src.agents.market:check_exit_conditions:131 - Atualizando stop_loss para posição longa em 7679: 10288.63141085211
2024-12-05 23:56:35.605 | INFO     | src.agents.market:check_exit_conditions:131 - Atualizando stop_loss para posição longa em 7680: 10288.63141085211
2024-12-05 23:56:35.607 | INFO     | src.agents.market:check_exit_conditions:131 - Atualizando stop_loss para posição longa em 7681: 10288.63141085211
2024-12-05 23:56:35.609 | INFO     | src.agents.market:check_exit_conditions:131 - Atualizando stop_loss para posição longa em 7682: 10288.63141085211
2024-12-05 23:56:35.611 | INFO     | src.agents.market:check_exit_conditions:131 - Atualizando stop_loss para posição longa em 7683: 10288.63141085211
2024-12-05 23:56:35.612 | INFO     | src.agents.market:check_exit_conditions:131 - Atualizando stop_loss para posição longa em 7684: 10288.63141085211
2024-12-05 23:56:35.614 | INFO     | src.agents.market:check_exit_conditions:131 - Atualizando stop_loss para posição longa em 7685: 10288.63141085211
2024-12-05 23:56:35.616 | INFO     | src.agents.market:check_exit_conditions:131 - Atualizando stop_loss para posição longa em 7686: 10288.63141085211
2024-12-05 23:56:35.620 | INFO     | src.agents.market:check_exit_conditions:131 - Atualizando stop_loss para posição longa em 7687: 10288.63141085211
2024-12-05 23:56:35.623 | INFO     | src.agents.market:check_exit_conditions:131 - Atualizando stop_loss para posição longa em 7688: 10288.63141085211
2024-12-05 23:56:35.625 | INFO     | src.agents.market:check_exit_conditions:131 - Atualizando stop_loss para posição longa em 7689: 10288.63141085211
2024-12-05 23:56:35.626 | INFO     | src.agents.market:check_exit_conditions:131 - Atualizando stop_loss para posição longa em 7690: 10288.63141085211
2024-12-05 23:56:35.627 | INFO     | src.agents.market:execute_trades:49 - Trade closed: long at 10291.320312425998 with profit -29.13
2024-12-05 23:56:35.868 | INFO     | src.agents.market:execute_trades:88 - Opened short position: size 0.3060600364573784, entry price 10310.949061159563
2024-12-05 23:56:35.871 | INFO     | src.agents.market:check_exit_conditions:143 - Atualizando stop_loss para posição curta em 7902: 10310.949061159563
2024-12-05 23:56:35.873 | INFO     | src.agents.market:execute_trades:49 - Trade closed: short at 10310.949061159563 with profit 26.56
2024-12-05 23:56:35.951 | INFO     | src.agents.market:execute_trades:88 - Opened short position: size 0.3282114174461517, entry price 10315.212803965593
2024-12-05 23:56:35.954 | INFO     | src.agents.market:execute_trades:49 - Trade closed: short at 10317.243393962675 with profit 29.53
2024-12-05 23:56:36.196 | INFO     | src.agents.market:execute_trades:88 - Opened short position: size 0.32914176335473216, entry price 10337.715864364798
2024-12-05 23:56:36.201 | INFO     | src.agents.market:execute_trades:49 - Trade closed: short at 10339.744163397301 with profit 29.70
2024-12-05 23:56:36.209 | INFO     | src.agents.market:execute_trades:71 - Opened long position: size 0.22467679198898605, entry price 10339.739687558533
2024-12-05 23:56:36.211 | INFO     | src.agents.market:check_exit_conditions:131 - Atualizando stop_loss para posição longa em 8184: 10339.739687558533
2024-12-05 23:56:36.213 | INFO     | src.agents.market:check_exit_conditions:131 - Atualizando stop_loss para posição longa em 8185: 10339.739687558533
2024-12-05 23:56:36.215 | INFO     | src.agents.market:check_exit_conditions:131 - Atualizando stop_loss para posição longa em 8186: 10339.739687558533
2024-12-05 23:56:36.216 | INFO     | src.agents.market:execute_trades:49 - Trade closed: long at 10339.739687558533 with profit -28.23
2024-12-05 23:56:36.285 | INFO     | src.agents.market:execute_trades:88 - Opened short position: size 0.3274575330182168, entry price 10343.7584974353
2024-12-05 23:56:36.290 | INFO     | src.agents.market:execute_trades:49 - Trade closed: short at 10345.835076371535 with profit 29.56
2024-12-05 23:56:36.291 | INFO     | src.agents.market:execute_trades:88 - Opened short position: size 0.3192042807489528, entry price 10343.964079024583
2024-12-05 23:56:36.294 | INFO     | src.agents.market:execute_trades:49 - Trade closed: short at 10346.01187909274 with profit 28.68
2024-12-05 23:56:36.302 | INFO     | src.agents.market:execute_trades:71 - Opened long position: size 0.24132153650330113, entry price 10346.08817395089
2024-12-05 23:56:36.305 | INFO     | src.agents.market:check_exit_conditions:131 - Atualizando stop_loss para posição longa em 8245: 10346.08817395089
2024-12-05 23:56:36.308 | INFO     | src.agents.market:check_exit_conditions:131 - Atualizando stop_loss para posição longa em 8246: 10346.08817395089
2024-12-05 23:56:36.309 | INFO     | src.agents.market:execute_trades:49 - Trade closed: long at 10346.08817395089 with profit -29.97
2024-12-05 23:56:36.635 | INFO     | src.agents.market:execute_trades:88 - Opened short position: size 0.3144296796543894, entry price 10372.850629157783
2024-12-05 23:56:36.641 | INFO     | src.agents.market:execute_trades:49 - Trade closed: short at 10375.090012566363 with profit 28.33
2024-12-05 23:56:36.773 | INFO     | src.agents.coordinator:backtest:154 - Completed trade execution simulation
2024-12-05 23:56:36.774 | INFO     | src.agents.coordinator:backtest:156 - Completed backtest from 2024-11-05 to 2024-12-05
2024-12-05 23:56:37.148 | INFO     | __main__:main:60 - Strategy execution completed successfully
